<?xml version="1.0" encoding="UTF-8"?>
<!-- Generated by org.testng.reporters.JUnitXMLReporter -->
<testsuite hostname="MSTSYS0059" name="ChromeTest" tests="2" failures="0" timestamp="8 Jan 2019 04:49:03 GMT" time="31.161" errors="0">
  <testcase name="PartOfBodylinkTest" time="9.68" classname="gov.mst.automation.ica.smoketestmodel.EmployersReportFormTest"/>
  <testcase name="RequiredFieldValidation" time="9.138" classname="gov.mst.automation.ica.smoketestmodel.EmployersReportFormTest"/>
</testsuite> <!-- ChromeTest -->
