<?xml version="1.0" encoding="UTF-8"?>
<!-- Generated by org.testng.reporters.JUnitXMLReporter -->
<testsuite hostname="MSTSYS0059" name="FirefoxTest" tests="2" failures="0" timestamp="8 Jan 2019 04:49:27 GMT" time="55.238" errors="0">
  <testcase name="PartOfBodylinkTest" time="17.947" classname="gov.mst.automation.ica.smoketestmodel.EmployersReportFormTest"/>
  <testcase name="RequiredFieldValidation" time="12.025" classname="gov.mst.automation.ica.smoketestmodel.EmployersReportFormTest"/>
</testsuite> <!-- FirefoxTest -->
