<?xml version="1.0" encoding="UTF-8"?>
<testng-results skipped="0" failed="0" total="1" passed="1">
  <reporter-output>
  </reporter-output>
  <suite name="Default suite" duration-ms="20728" started-at="2018-12-10T09:57:45Z" finished-at="2018-12-10T09:58:06Z">
    <groups>
    </groups>
    <test name="Default test" duration-ms="20728" started-at="2018-12-10T09:57:45Z" finished-at="2018-12-10T09:58:06Z">
      <class name="gov.mst.automation.ica.commonutility.Email">
        <test-method status="PASS" signature="EmailVerify()[pri:0, instance:gov.mst.automation.ica.commonutility.Email@1a968a59]" name="EmailVerify" duration-ms="20702" started-at="2018-12-10T15:27:46Z" finished-at="2018-12-10T15:28:06Z">
          <reporter-output>
          </reporter-output>
        </test-method> <!-- EmailVerify -->
      </class> <!-- gov.mst.automation.ica.commonutility.Email -->
    </test> <!-- Default test -->
  </suite> <!-- Default suite -->
</testng-results>
