<?xml version="1.0" encoding="UTF-8"?>
<testng-results skipped="0" failed="0" ignored="0" total="1" passed="1">
  <reporter-output>
  </reporter-output>
  <suite name="Suite" duration-ms="39291" started-at="2018-11-26T08:50:57Z" finished-at="2018-11-26T08:51:36Z">
    <groups>
    </groups>
    <test name="Test" duration-ms="39291" started-at="2018-11-26T08:50:57Z" finished-at="2018-11-26T08:51:36Z">
      <class name="gov.mst.automation.ica.testmodel.LoginTest">
        <test-method status="PASS" signature="openBrowser(java.lang.String)[pri:0, instance:gov.mst.automation.ica.testmodel.LoginTest@44c8afef]" name="openBrowser" is-config="true" duration-ms="23797" started-at="2018-11-26T08:50:57Z" finished-at="2018-11-26T08:51:21Z">
          <params>
            <param index="0">
              <value>
                <![CDATA[chrome]]>
              </value>
            </param>
          </params>
          <reporter-output>
          </reporter-output>
        </test-method> <!-- openBrowser -->
        <test-method status="PASS" signature="loginValidation()[pri:0, instance:gov.mst.automation.ica.testmodel.LoginTest@44c8afef]" name="loginValidation" duration-ms="14884" started-at="2018-11-26T08:51:21Z" finished-at="2018-11-26T08:51:36Z">
          <reporter-output>
          </reporter-output>
        </test-method> <!-- loginValidation -->
        <test-method status="PASS" signature="closeBrowser()[pri:0, instance:gov.mst.automation.ica.testmodel.LoginTest@44c8afef]" name="closeBrowser" is-config="true" duration-ms="580" started-at="2018-11-26T08:51:36Z" finished-at="2018-11-26T08:51:36Z">
          <reporter-output>
          </reporter-output>
        </test-method> <!-- closeBrowser -->
      </class> <!-- gov.mst.automation.ica.testmodel.LoginTest -->
    </test> <!-- Test -->
  </suite> <!-- Suite -->
</testng-results>
