<?xml version="1.0" encoding="UTF-8"?>
<!-- Generated by org.testng.reporters.JUnitXMLReporter -->
<testsuite hostname="MSTSYS0059" name="Test" tests="6" failures="3" timestamp="10 Dec 2018 18:27:08 GMT" time="176.342" errors="0">
  <testcase name="formfill" time="36.27" classname="gov.mst.automation.ica.testmodel.EmployersReportFormTest"/>
  <testcase name="formfill" time="26.609" classname="gov.mst.automation.ica.testmodel.EmployersReportFormTest">
    <skipped/>
  </testcase> <!-- formfill -->
  <testcase name="formfill" time="25.242" classname="gov.mst.automation.ica.testmodel.EmployersReportFormTest">
    <skipped/>
  </testcase> <!-- formfill -->
  <testcase name="formfill" time="28.217" classname="gov.mst.automation.ica.testmodel.EmployersReportFormTest">
    <failure type="java.lang.AssertionError" message="expected [true] but found [false]">
      <![CDATA[java.lang.AssertionError: expected [true] but found [false]
	at gov.mst.automation.ica.testmodel.EmployersReportFormTest.formfill(EmployersReportFormTest.java:35)
... Removed 28 stack frames]]>
    </failure>
  </testcase> <!-- formfill -->
  <testcase name="formfill" time="25.41" classname="gov.mst.automation.ica.testmodel.EmployersReportFormTest">
    <failure type="java.lang.AssertionError" message="expected [true] but found [false]">
      <![CDATA[java.lang.AssertionError: expected [true] but found [false]
	at gov.mst.automation.ica.testmodel.EmployersReportFormTest.formfill(EmployersReportFormTest.java:36)
... Removed 28 stack frames]]>
    </failure>
  </testcase> <!-- formfill -->
  <testcase name="formfill" time="25.456" classname="gov.mst.automation.ica.testmodel.EmployersReportFormTest">
    <failure type="java.lang.AssertionError" message="expected [true] but found [false]">
      <![CDATA[java.lang.AssertionError: expected [true] but found [false]
	at gov.mst.automation.ica.testmodel.EmployersReportFormTest.formfill(EmployersReportFormTest.java:36)
... Removed 28 stack frames]]>
    </failure>
  </testcase> <!-- formfill -->
</testsuite> <!-- Test -->
